
> react-typescript-starter@0.1.0 test
> react-scripts test "--coverage"

  console.error
    Warning: You seem to have overlapping act() calls, this is not supported. Be sure to await previous act() calls before making a new one.

      at console.error (node_modules/@testing-library/react/dist/act-compat.js:55:34)
      at console.error (node_modules/@testing-library/react/dist/act-compat.js:55:34)
      at console.error (node_modules/@testing-library/react/dist/act-compat.js:55:34)
      at printWarning (node_modules/react-dom/cjs/react-dom-test-utils.development.js:67:30)
      at error (node_modules/react-dom/cjs/react-dom-test-utils.development.js:43:5)
      at onDone (node_modules/react-dom/cjs/react-dom-test-utils.development.js:1034:9)
      at node_modules/react-dom/cjs/react-dom-test-utils.development.js:1073:13

PASS src/App.test.tsx (5.92 s)
  Degree Planner Component Tests
    ✓ The initial button exists (92 ms)
    ✓ Add New Plan Button Works and Menu appears (100 ms)
    ✓ Cancel button and Add Plan Button works (178 ms)
    ✓ Can Create a Plan with a Name (159 ms)
    ✓ Edit Plan Works (159 ms)
    ✓ Cancel Button works (150 ms)
    ✓ Delete Button works (95 ms)
    ✓ Can change name and credits and save Button Works (190 ms)
    ✓ Add A Semester Button works (84 ms)
    ✓ You can actually add a real semester (157 ms)
    ✓ Set credits to actual works (251 ms)
    ✓ Clear Semesters Works (265 ms)
    ✓ Semester Edit Cancel Button Works (148 ms)
    ✓ Semester Edit Delete Button Works (147 ms)
    ✓ Semester Edit Can Actually Edit (222 ms)

---------------------------|---------|----------|---------|---------|---------------------------------
File                       | % Stmts | % Branch | % Funcs | % Lines | Uncovered Line #s               
---------------------------|---------|----------|---------|---------|---------------------------------
All files                  |   44.94 |    26.51 |   45.98 |    44.6 |                                 
 src                       |   90.47 |       50 |   84.61 |   88.88 |                                 
  App.tsx                  |   90.47 |       50 |   84.61 |   88.88 | 31,71                           
 src/components            |   38.82 |    25.78 |   41.46 |   38.95 |                                 
  AddCourseModal.tsx       |   27.27 |        0 |   33.33 |   27.27 | 17-43                           
  AddPlanModal.tsx         |      80 |        0 |   66.66 |      80 | 60                              
  AddSemesterModal.tsx     |     100 |       50 |     100 |     100 | 104                             
  CourseList.tsx           |       0 |      100 |       0 |       0 | 7-10                            
  EditCourse.tsx           |    6.66 |        0 |    6.66 |    6.66 | 13-119,128                      
  EditPlan.tsx             |     100 |       50 |     100 |     100 | 388-425                         
  EditSemester.tsx         |   63.15 |       20 |   53.84 |   66.66 | 32,35,62-67,218,241,258,276-295 
  PlanList.tsx             |     100 |      100 |     100 |     100 |                                 
  SeeRequirementsModal.tsx |     100 |       50 |     100 |     100 | 22-61                           
  SemesterList.tsx         |     100 |      100 |     100 |     100 |                                 
  ViewCourses.tsx          |       0 |      100 |       0 |       0 | 6                               
  ViewPlans.tsx            |   17.26 |    15.38 |    15.9 |   17.51 | 57-339                          
  ViewSemesters.tsx        |   83.33 |       75 |   66.66 |   83.33 | 26                              
 src/interface             |       0 |        0 |       0 |       0 |                                 
  course.ts                |       0 |        0 |       0 |       0 |                                 
  plan.ts                  |       0 |        0 |       0 |       0 |                                 
  semester.ts              |       0 |        0 |       0 |       0 |                                 
 src/lists                 |     100 |      100 |     100 |     100 |                                 
  cahCourses.ts            |     100 |      100 |     100 |     100 |                                 
  capstoneCourses.ts       |     100 |      100 |     100 |     100 |                                 
  ciscCourses.ts           |     100 |      100 |     100 |     100 |                                 
  ciscCoursesForSearch.ts  |     100 |      100 |     100 |     100 |                                 
  dleCourses.ts            |     100 |      100 |     100 |     100 |                                 
  fyeCourses.ts            |     100 |      100 |     100 |     100 |                                 
  hccCourses.ts            |     100 |      100 |     100 |     100 |                                 
  mnstCourses.ts           |     100 |      100 |     100 |     100 |                                 
  multicultCourses.ts      |     100 |      100 |     100 |     100 |                                 
  sbsCourses.ts            |     100 |      100 |     100 |     100 |                                 
---------------------------|---------|----------|---------|---------|---------------------------------
Test Suites: 1 passed, 1 total
Tests:       15 passed, 15 total
Snapshots:   0 total
Time:        6.56 s
Ran all test suites.
